20:18:59.752 [main] DEBUG org.apache.poi.openxml4j.opc.PackageRelationshipCollection - Parsing relationship: /xl/_rels/workbook.xml.rels
20:18:59.765 [main] DEBUG org.apache.poi.openxml4j.opc.PackageRelationshipCollection - Parsing relationship: /_rels/.rels
20:19:00.005 [main] TRACE org.apache.xmlbeans.impl.common.XBeanDebug - Loading type system org.apache.poi.schemas.ooxml.system.ooxml
20:19:00.015 [main] TRACE org.apache.xmlbeans.impl.common.XBeanDebug - Loading type system org.apache.xmlbeans.metadata.system.sXMLCONFIG
20:19:00.021 [main] TRACE org.apache.xmlbeans.impl.common.XBeanDebug - Loading type system org.apache.xmlbeans.metadata.system.sXMLLANG
20:19:00.026 [main] TRACE org.apache.xmlbeans.impl.common.XBeanDebug - Loading type system org.apache.xmlbeans.metadata.system.sXMLSCHEMA
20:19:00.033 [main] TRACE org.apache.xmlbeans.impl.common.XBeanDebug - Loading type system org.apache.xmlbeans.metadata.system.sXMLTOOLS
20:19:00.039 [main] TRACE org.apache.xmlbeans.impl.common.XBeanDebug - Reading unresolved handles for type system org.apache.xmlbeans.metadata.system.sXMLTOOLS
20:19:00.089 [main] TRACE org.apache.xmlbeans.impl.common.XBeanDebug - Finished loading type system org.apache.xmlbeans.metadata.system.sXMLTOOLS
20:19:00.093 [main] TRACE org.apache.xmlbeans.impl.common.XBeanDebug - Reading unresolved handles for type system org.apache.xmlbeans.metadata.system.sXMLSCHEMA
20:19:00.119 [main] TRACE org.apache.xmlbeans.impl.common.XBeanDebug - Finished loading type system org.apache.xmlbeans.metadata.system.sXMLSCHEMA
20:19:00.123 [main] TRACE org.apache.xmlbeans.impl.common.XBeanDebug - Reading unresolved handles for type system org.apache.xmlbeans.metadata.system.sXMLLANG
20:19:00.130 [main] TRACE org.apache.xmlbeans.impl.common.XBeanDebug - Finished loading type system org.apache.xmlbeans.metadata.system.sXMLLANG
20:19:00.131 [main] TRACE org.apache.xmlbeans.impl.common.XBeanDebug - Reading unresolved handles for type system org.apache.xmlbeans.metadata.system.sXMLCONFIG
20:19:00.134 [main] TRACE org.apache.xmlbeans.impl.common.XBeanDebug - Finished loading type system org.apache.xmlbeans.metadata.system.sXMLCONFIG
20:19:00.140 [main] TRACE org.apache.xmlbeans.impl.common.XBeanDebug - Reading unresolved handles for type system org.apache.poi.schemas.ooxml.system.ooxml
20:19:00.260 [main] TRACE org.apache.xmlbeans.impl.common.XBeanDebug - Finished loading type system org.apache.poi.schemas.ooxml.system.ooxml
20:19:00.264 [main] TRACE org.apache.xmlbeans.impl.common.XBeanDebug - Resolving type for handle themefd26doctype
20:19:00.354 [main] TRACE org.apache.xmlbeans.impl.common.XBeanDebug - Resolving type for handle stylesheet5d8bdoctype
20:19:00.367 [main] TRACE org.apache.xmlbeans.impl.common.XBeanDebug - Resolving type for handle ctstylesheet4257type
20:19:00.377 [main] TRACE org.apache.xmlbeans.impl.common.XBeanDebug - Resolving type for handle ctfonts6623type
20:19:00.384 [main] TRACE org.apache.xmlbeans.impl.common.XBeanDebug - Resolving type for handle ctfont14d8type
20:19:00.397 [main] TRACE org.apache.xmlbeans.impl.common.XBeanDebug - Resolving type for handle ctfills2c6ftype
20:19:00.403 [main] TRACE org.apache.xmlbeans.impl.common.XBeanDebug - Resolving type for handle ctfill550ctype
20:19:00.408 [main] TRACE org.apache.xmlbeans.impl.common.XBeanDebug - Resolving type for handle ctborders0d66type
20:19:00.415 [main] TRACE org.apache.xmlbeans.impl.common.XBeanDebug - Resolving type for handle ctborderf935type
20:19:00.420 [main] TRACE org.apache.xmlbeans.impl.common.XBeanDebug - Resolving type for handle ctcellxfs1322type
20:19:00.426 [main] TRACE org.apache.xmlbeans.impl.common.XBeanDebug - Resolving type for handle ctxf97f7type
20:19:00.433 [main] TRACE org.apache.xmlbeans.impl.common.XBeanDebug - Resolving type for handle ctcellstylexfsa81ftype
20:19:00.437 [main] TRACE org.apache.xmlbeans.impl.common.XBeanDebug - Resolving type for handle ctdxfsb26atype
20:19:00.441 [main] TRACE org.apache.xmlbeans.impl.common.XBeanDebug - Resolving type for handle cttablestyles872ftype
20:19:00.448 [main] TRACE org.apache.xmlbeans.impl.common.XBeanDebug - Resolving type for handle sstf81fdoctype
20:19:00.455 [main] TRACE org.apache.xmlbeans.impl.common.XBeanDebug - Resolving type for handle ctsst44f3type
20:19:00.468 [main] TRACE org.apache.xmlbeans.impl.common.XBeanDebug - Resolving type for handle ctrsta472type
20:19:00.505 [main] TRACE org.apache.xmlbeans.impl.common.XBeanDebug - Resolving type for handle workbookec17doctype
20:19:00.514 [main] TRACE org.apache.xmlbeans.impl.common.XBeanDebug - Resolving type for handle ctworkbook83c3type
20:19:00.524 [main] TRACE org.apache.xmlbeans.impl.common.XBeanDebug - Resolving type for handle ctsheets49fdtype
20:19:00.529 [main] TRACE org.apache.xmlbeans.impl.common.XBeanDebug - Resolving type for handle ctsheet4dbetype
20:19:00.532 [main] TRACE org.apache.xmlbeans.impl.common.XBeanDebug - Resolving type for handle strelationshipid1e94type
20:19:00.538 [main] TRACE org.apache.xmlbeans.impl.common.XBeanDebug - Resolving type for handle worksheetf539doctype
20:19:00.545 [main] TRACE org.apache.xmlbeans.impl.common.XBeanDebug - Resolving type for handle ctworksheet530dtype
20:19:00.554 [main] TRACE org.apache.xmlbeans.impl.common.XBeanDebug - Resolving type for handle ctsheetdata8408type
20:19:00.557 [main] TRACE org.apache.xmlbeans.impl.common.XBeanDebug - Resolving type for handle ctrowdd39type
20:19:00.564 [main] TRACE org.apache.xmlbeans.impl.common.XBeanDebug - Resolving type for handle ctcell842btype
20:19:00.572 [main] TRACE org.apache.xmlbeans.impl.common.XBeanDebug - Resolving type for handle stcellrefe4e0type
20:19:00.581 [main] TRACE org.apache.xmlbeans.impl.common.XBeanDebug - Resolving type for handle ctcols627ctype
20:19:00.589 [main] TRACE org.apache.xmlbeans.impl.common.XBeanDebug - Resolving type for handle ctcola95ftype
20:19:00.636 [main] TRACE org.apache.xmlbeans.impl.common.XBeanDebug - Resolving type for handle stxstringf179type
20:19:00.647 [main] TRACE org.apache.xmlbeans.impl.common.XBeanDebug - Resolving type for handle stcelltypebf95type
